Ready!
8
C 0 P 238edaed-6409-4ba3-b44e-a67763ac13bb
C 0 P 2b44ac64-60a7-4978-9d93-3ddb264d4c3a
C 0 P 27da3dea-89c8-4243-86ef-db2a31f431da
C 0 P 2747e759-55a6-4d34-a51e-50a61119bc3d
C 0 P 2c513844-214e-46a2-9931-8eb360bcbdd9
C 0 P 242c1ad7-e0af-4ed3-9b5b-f610360e1f6d
C 1.070128448462099868265795521 P 216cd81c-2ebb-4205-aaa7-b9679fdacfc3 2ae37f80-9031-4192-89dc-7f47652dd9fa
C 0.4386139693921791149477940053 P 26fe1cae-b8e3-443d-9219-d3607ce11f9e 2a4d1b2f-1d56-4579-a85c-17871ce65e2c
8
C 0 P 1189a7a7-a336-4462-a942-1429d3b732e5
C 4.702156488406430412396730390 P fd6af2e0-1057-4a86-8607-a50cea9fbb51 0ad701ea-e2b1-44d7-9ee6-c065b82ffcbc
C 0 P 05d60bf1-55b2-4b31-bb9d-a89e67508138
C 0 P 074633d3-305b-4ac2-9144-1c02a5a5f0f2
C 0 P dc31857d-cde7-434c-b8bb-1b517739351a
C 0 P e0990804-f781-40ab-81fc-3170caa0b872
C 4.156694929698687701602466404 P 030a46d6-45b5-4a1a-a107-c82a54752f6e 1f2898d8-b786-4911-aa4b-e15d5b9d166e
C 0 P 1ad67b71-f666-467d-88ea-e4a65ef815e4
6
C 2.264206557932240571062720846 P da02ef5b-68aa-41e1-83eb-45dfc28a5785 db3c9fb8-e9cb-4feb-8d68-d4d7a1a2ccb5
C 2.722446279624037401845271234 P da49db72-9555-455a-becb-12857d5b2149 da96d382-1603-4885-853b-1c7283cb5835
C 1.230067689075056591718748678 P da034d7f-92fa-456c-9c20-d5b5f96c765e daa40918-ee4f-4763-b3b0-0efab570a839
C 0 P db6c194c-f8e9-453b-a918-4fb5d9f052f1
C 2.545127910511070012944401242 P da817273-41e9-48c5-bf47-752a3d8698cd db252ad1-7748-4b86-bac7-61184decb0ae
C 0 P db9764d4-3de7-4822-991a-e62db57f0f12
7
C 6.532282545904166681793867611 P bc1f3c6f-7933-4685-887e-44e09bd18802 bc9f90c7-49f8-4f84-841e-5e5cd442dd8a bd6abc9c-baec-41f7-9281-5408d6b5afcf
C 0 P bbb2ec77-c5cf-408f-aab8-3f1496334617
C 0 P bc967712-2a70-4766-98fd-b5efc828e699
C 0 P bd0f70ab-f4e1-490a-a5e5-696404e2a228
C 0 P bb323b56-cd65-4ea6-8a79-818324d8fc95
C 0 P ba443a9d-8cee-44b1-9d90-973c676db2ac
C 5.270877841087070692083216273 P bde594a3-e081-4a4c-b46e-c87ae0a502d1 bdf86068-04f8-42f3-ad8a-96750d046fb1
6
C 5.005817849439935685040836688 P 047c5c7e-521c-4dfa-a67b-b78ae5a408ec 078d747b-f011-472b-ab1f-4b56c736172a 0cd47600-e7d5-426a-9320-b1d817e8a73a
C 0.9366304204592950100050074980 P 05501056-e8d9-44db-bd28-ce8a8c720e76 0bd78e8b-b8d6-48e5-bcad-50e2b9456828
C 0 P 0b331ee6-571a-46d9-81d1-118efc746558
C 0 P 09c2a7c0-ca59-48f6-911d-1e3923e50e8a
C 5.000581393739309987722663209 P 05e767bf-dd26-4bd3-8c9a-ec7000988c90 097de567-00a7-4ca7-8d34-48310c40b5f7
C 0 P 0436257c-99ff-47ec-b7ff-05734e50d896
8
C 0 P 12a50841-9fef-4504-8e2f-8844bc475e5d
C 0 P bf9ebdad-7b3e-4b07-8ada-a7e0f2f3b3be
C 0 P 11b7c7a9-c667-4a50-a2dd-c739a7c295ce
C 2.222224958811850115125707817 P 0911a482-7d13-46c3-b8f6-a676d9a803af 0ec227d6-12a1-498c-85b9-31f22143c1bf
C 0 P 11207b46-e174-4755-9527-72534adad2e8
C 4.281945388145047104444529396 P 09c96b51-ce13-48d9-900e-a644a7cf637f 0f8c59f9-0c12-48d1-be1f-d57fde9bb18e
C 0 P c223575f-4f84-4c75-a225-4363c1e72bf1
C 0 P b71c6535-09ba-48a9-97f2-7c82392db522
8
C 0 P e6049f08-9e3c-4a61-b6d5-742358a69111
C 0 P e52bae46-de31-4afd-b2ef-e7749d8112e1
C 0 P e4773968-69f4-4b24-9e87-e83c46bcdc33
C 0 P eded7753-0c0f-4910-998a-85558a99e732
C 0 P ec39e445-a345-4b8d-bae0-41f681598bd9
C 0.9779147180949507855984847993 P f1794d21-df7a-4299-9b70-36648be8b8b8 f4e24376-2f56-460c-adeb-db2ab97facd6
C 3.652203483468611011630855501 P f3cbc582-f236-40d1-a15f-76098f71717d f3d65faf-7b75-44a5-915a-e4d45bb9f71d
C 0 P e984a95c-4d0f-43e3-847c-17213088cc46
7
C 0 P ce0135a6-18ec-47e4-96af-7777f146a58b
C 6.311797691211950223078019917 P d2f5b7f5-c901-407a-a34c-d740b6be663f d786ae4a-2786-4b66-882a-e8b70d56a15e e0e98d24-0857-4f3c-8e98-c08dd3047f0a
C 0 P d9e1a60c-fd1a-4798-b16c-dbb4a2dcc55c
C 4.254125931696066231779695954 P c2cad94e-97c2-4123-bb1d-a340c76b3571 e6589a70-ad70-4960-b78e-cc7929fa3df0
C 0 P f2010348-a7f7-4400-8cbe-504c99403fd7
C 0 P c6ce3eba-fff3-4c1d-8820-098cd9206030
C 0 P f6e004d5-7678-4bd2-b261-dd0ab0749a64
7
C 0 P 96870c63-54ad-4b24-b10c-2b685957a738
C 0 P 93955e9b-4f7d-4ad0-ae97-ff170f750f00
C 0 P 8a247dca-fd82-45c8-87f5-81a6425aa17c
C 0 P 973f4cf0-539b-4147-a334-82d1e1d102b2
C 2.071930815676324755258974620 P 8e43e552-17d9-406d-9a5b-250c3c33ce83 971d205d-3560-4fcb-9297-2d6e3033a6c3
C 1.796565753525413811075850390 P 86fe9da0-cf4e-4936-bbba-ab69f70ede84 97d7cd09-a911-45cc-bab6-2e694a04cdca
C 2.498210158473796127509558574 P 82a93ea1-024b-4db0-9377-4112f5206fc1 8aba2ebe-00bf-4faa-a41f-0e60e815a6ec
9
C 0 P 50bc6056-e6bf-4cee-9e52-b1f88dfccc71
C 0 P 473bad84-9db6-4249-9dbd-bf7bc381e3ed
C 0 P 4a6e310a-08db-4d6c-8e44-76f370ca0033
C 0 P 5cff6ea5-d6aa-4e54-b5f1-d00acab2517a
C 0 P 4dafccb6-7548-43f4-b394-39170367f1ef
C 0 P 4cb06d42-cc81-4af6-8b57-8cf2f5dc128b
C 0 P 46990889-b10f-4049-b294-619e50f12a2d
C 3.476553398453518184396671131 P 5200314c-c503-4ff4-adf6-1ff28b532959 6d9a82b6-f76f-4279-8d7b-5788e73da7bd
C 0 P 4bfd916f-5bbb-4cb5-ab7e-c019d6cb1496
9
C 3.274415754053194405059912242 P 939b0bd5-aa9c-4cc4-9a6d-1bb494a665be 9d155d6b-8aa3-44a8-896e-d32bc201bfbd
C 1.839167809183891222346574068 P 548a7be1-6860-4a3c-b6fa-01848cbb779f 9eab7cc9-583b-482d-96a3-9b66de82d581 ce0135a6-18ec-47e4-96af-7777f146a58b
C 5.474507258228783257436589338 P 6a17e758-1c33-4f73-a250-b9c2b9752db7 b3320a5d-985b-4a33-a383-0fe561cafaad
C 0 P 87d4c2ef-592d-4ca4-8dd5-848c5c51ed77
C 9.938254191216032040756545030 P 76564cb2-06ec-42cd-a000-ff0f38bfdef2 804ee5f5-7474-4879-b663-ecf2fc026bcc af3c8c9b-988d-424f-8b51-584a80d3a577 d2f5b7f5-c901-407a-a34c-d740b6be663f
C 5.899254233380887058046937454 P 5ef9b4cf-861c-4068-b007-445ad3e30603 ad1ddd4c-95fa-426d-b4d4-bc12529572fb c2cad94e-97c2-4123-bb1d-a340c76b3571
C 0 P 6cadbb37-ae02-444b-ae54-7d45916d65ac
C 5.633508822330753673668368720 P 744dadfc-ca2b-4a73-9271-a3fb6e36f5b7 85ff2923-f958-446e-8267-19a4dfe8ccd6
C 12.37581441935404313881008420 P 52cd7979-fd37-4be2-ae37-5130f96364ad 5c56b465-1ee5-4c4d-8b9a-f9f819415140 6924e950-4613-4c18-bc31-490442071b76 7a2870c0-bae3-4948-b04d-1cd9cc877016 a430af96-602e-4be3-a99c-4de506114722 ad008838-bc33-4ab0-821c-d44ced0f52ee c6ce3eba-fff3-4c1d-8820-098cd9206030
14
C 3.312724692762756717456795741 P 3380db78-46e0-46ce-a1da-f3be51433894 92954e5e-c34e-45de-9c59-2972a5104133
C 2.636633328847963753105432261 P 3229dcb7-36cc-45fb-8358-322e4a13ff64 a4e67e57-77f8-4bd5-b4d1-46a18eac14a0
C 0.8679370977587836932798381894 P 34bfea14-9b22-479c-b445-0cd17ef22d1f 46f99b9f-ab88-40d6-a3a2-24adec933bb3
C 5.061506614544953208678634837 P 4d5b872f-84a5-47c3-915e-d8a3f73ae496 792fc1a1-1396-448d-80d2-8505a9d9ddb7 8848176f-706f-4cb5-a81a-f95a1364ff1d
C 4.794998000477249888717778958 P 69639ae1-8cf3-4112-9097-6ad93a5997dc 6a9d01cc-0c8d-4dd8-8613-bca19bc8a745
C 2.854017895641106861148728058 P 8016bb4a-c13c-48f4-a1b4-f3775000ef47 8ac98af1-31b8-4999-ba29-95085ac43dc8 c8958576-5aee-472e-9f2b-280fdc99db9d
C 4.525819188278333626840321813 P 581e2072-c7cc-45ff-baf1-30b239b7b823 8f9314c5-4b14-42b7-a8d1-8181f6874685 bf49f4f9-3fa4-443c-a650-94ecfba786c0
C 0 P 9697699c-66b4-4134-b4a7-cadc0ac5eeeb
C 0 P b3ced044-8424-476e-9e73-34e868d3f6d2
C 0 P 82c8e7f8-d85e-4643-a052-c6cc4e6bffbf
C 0 P 80c5eaa8-f12e-4a52-b984-8d19d0abcc3f
C 0 P 3bf6323b-c43d-480e-ad22-f08b3f023c2b
C 3.190873574466905893132206984 P 95038030-bfcc-45d5-a29e-4c89327ce0d3 bad02b8b-6611-4c9c-9bf1-02a04e4ae335
C 0 P 59530d4a-957d-47d2-a89c-b6fe357adb2b
14
C 0 P 3f9f9b30-0208-4b6a-b0f0-5b4d1a840d3a
C 0 P 42e2eb96-0650-4a26-ae7e-ce26e2a0f238
C 0 P 432c2e9e-7f2e-4a56-bb7d-0f56bf0d369c
C 0 P 3f343231-f9f4-4cd0-a3e6-1dae9f2d551f
C 2.223386222376760201768775005 P 4040fa60-2185-427e-958d-0e9d51ace9c3 410d5f67-265e-460e-9179-efe5c307408c
C 4.078533632608426273691293318 P 421c4214-174b-4f35-a826-d7e5a7919b55 42725783-6629-4f6e-beef-b01df169b7d8
C 0 P 3ce2cacb-5fc1-4a9e-a76f-bcd550c3f5fc
C 5.777433055867803091132373083 P 3cdf5fcb-b086-4cec-842f-9b4c635c9d4b 3d2154a3-8c72-4dc7-b07a-4b58501e736b 3e79e593-5983-4eab-97bf-b057ce67a4db
C 0 P 3cdf0304-743a-4dc7-8fc5-e23766195322
C 1.646341755108437610033433885 P 3d6ea4df-728f-4364-ad45-e239fca7d00a 3ff572a1-70f4-49a1-a836-5b89b257bbc2
C 0 P 3dc9c712-e6c2-49c0-8d38-26d4389310e0
C 5.410422214588464839835069143 P 3c67d89a-c0bb-464e-805f-52af0041f4ef 3c839a30-a48b-40b2-b5f6-db2dfa532489 4104dd8e-20b0-43ea-9b7c-39c2cb03a836
C 4.135129768484574697140487843 P 3bb815fb-c5f8-4435-b108-2b60481411fe 3bcffe84-b688-44cc-9764-cd6333ae27b6 3d96b3d1-3943-4bbf-9f65-e75d19b7f656
C 5.336588673331220888940151781 P 3cf68169-2bf9-4bd7-838f-62c625d51231 4092b2cf-a15e-480c-9648-b6e9ef7ffa4d 436003eb-7fba-4f82-8fdc-fa77c65975ad
14
C 4.925864102655339138436829672 P db3c9fb8-e9cb-4feb-8d68-d4d7a1a2ccb5 dfef6976-62d9-40c9-8cc8-7dbb8d6d53f2
C 0 P de7e836d-a777-4cef-9c47-2c1371cfee2b
C 6.911387681924978210190602113 P dba7ff99-2059-4f9c-9c44-5dbb1351d76b dbb3856a-bbe6-44a2-a67a-e7fecd68292a de986d13-02d8-4bbc-87cb-46bf349c6c0b df915c2f-8473-4bd0-97e2-743fdf347775
C 2.716163309611076215333014261 P de0f99e0-28f9-49b6-9045-6385c0743343 df97fd39-04d4-45ca-951d-3bf700a2842e
C 4.955301776348335351940477267 P db6c194c-f8e9-453b-a918-4fb5d9f052f1 ddd092ff-153c-423f-b30e-a9f9b43471b1
C 0 P dca96513-278d-4654-a759-86eef347b09c
C 0 P de6afdab-4ae0-4ee1-9fd4-9d1c7cf2dc68
C 0 P dfbc5e0c-e542-493d-acc3-aaf9bb7b3f32
C 3.132343862102487719312193804 P db252ad1-7748-4b86-bac7-61184decb0ae ddca9418-85f0-4b50-bcb4-cf88799ad1f3 de6d452e-54a1-45e8-aea3-50c9f5bd7c05
C 0 P ddd07e95-f4b5-4676-8504-0746142a2179
C 0 P dc20e9ba-f224-497b-8b95-08b03d8ea86e
C 6.869994790094580139339086600 P db9764d4-3de7-4822-991a-e62db57f0f12 dc231507-0f04-44e3-846c-c69465982538 dcacf3ad-a480-4e7a-a6b6-3cb221874887 dfcc4f57-94c2-4a79-a253-6943ebcb970d
C 0 P de51b8db-0027-4fe7-b790-7f4b8f1e3b77
C 0 P dd74d113-4fc2-49bf-89ac-8fcb3fc38d84
13
C 2.057277666982116670624236577 P 149817c8-cf61-406b-9fe3-2a9f2f901ca3 238edaed-6409-4ba3-b44e-a67763ac13bb 31f51556-7092-4a12-a879-b770beb83d35
C 2.512510517456561842664086726 P 03e7b5f8-2f2a-490f-8c8d-a3bb5838767e 147adee9-8c7d-4c22-9648-e1ada50b06dd
C 0 P 2b44ac64-60a7-4978-9d93-3ddb264d4c3a
C 0 P 14193984-1cf4-4c19-a97a-fe4750bb9c83
C 0 P 27da3dea-89c8-4243-86ef-db2a31f431da
C 0 P 1b960cdd-4f20-4143-87e0-821e9e161cac
C 0 P 2747e759-55a6-4d34-a51e-50a61119bc3d
C 2.896733262877745573860011063 P 1df57ce5-574a-4ed7-b999-4c2684359121 301fab9c-4e80-4de3-af37-993581080c52
C 3.075700499304815593859530054 P 1e493ca7-3aa1-4cb8-b7f3-42df0cb6327e 2129d945-d8cd-4876-becb-34c0df731770
C 0 P 2c513844-214e-46a2-9931-8eb360bcbdd9
C 5.199952182719272286703926511 P 0d06db5a-217a-4012-9cb3-7a93fbe80723 2ffc4e6f-a611-4b65-9e28-c4440c036a84
C 0 P 242c1ad7-e0af-4ed3-9b5b-f610360e1f6d
C 8.533368483761648803920252249 P 0d4822c8-fd36-4c89-8652-d45b27914b51 1b1ed21d-98c6-4d5d-87d6-ae83a48d3e61 216cd81c-2ebb-4205-aaa7-b9679fdacfc3 26fe1cae-b8e3-443d-9219-d3607ce11f9e 2a4d1b2f-1d56-4579-a85c-17871ce65e2c 2ae37f80-9031-4192-89dc-7f47652dd9fa 33647a58-2d09-4277-87bb-0b3876c12a94
17
C 1.714314865984874813875649124 P 78d8cfb3-0fb0-41eb-ab9e-6dbd49a4342a 7b47b313-f479-4470-b3c7-e80c92067e73
C 6.595603716586040832225990016 P 77f8d52c-e8c2-40a0-adf1-83c651411fe6 78226741-3095-42a9-87e2-9a18604edb7d 7a2b02f7-a0ab-4739-9034-aba7258a4679 7c58d732-2af4-43d9-b8b8-802a19251b62 7f76f648-9fe2-4826-8088-699c3dad58f2
C 5.037233574204634578563855030 P 77a6ab92-dbb3-4687-8642-1ebb2800df91 77aa84bc-d55f-4b73-994a-4202bad2ead2 7d5a147d-1cc0-49cf-bdf4-bd18b2deb54c
C 5.179438797029604302224470303 P 7d19cf4b-9f1f-4cf4-bb53-785d12b22b24 7e32d090-cf73-4347-aaee-4a1bbe30b44a 80c54830-4add-48fd-b9f6-a76020b0570a
C 0 P 7aadb748-cae8-409a-bed8-bc16e259439d
C 0 P 7df75c39-3cb8-47f5-b883-bc8b33d7c7e3
C 0 P 77797d62-ae8e-4706-8556-8fa2393610d9
C 3.368153870009805928020796273 P 77af4e1e-46d6-48d7-b42b-01896d5836c0 7e38c1b6-0b23-486c-b497-08902390a31d
C 2.401242816325847684311156626 P 7a1d6182-07df-4877-b2d6-6399b03c9182 7f8cc9e0-4d0e-4dc5-93a0-77bb53ea4593
C 5.521201348668313357848091982 P 7799c117-8900-4dd2-ba6d-afc48ce610e2 7b22a3a7-c2fd-49be-9f39-1e81a8a46b1b 7b2a99ce-fdbf-428a-a75f-c132129abb83
C 2.698955509213007530888717156 P 77ef243f-45ec-4e1c-be23-86c952ff431c 78c5b389-f708-476a-bb74-91d7f9ed7eaf
C 8.700526923729597683632164262 P 77ef789b-8ba3-49e4-902a-15fe281f604a 789fce0b-d5a5-4d8b-9fa9-070ccfb7d474 7af4155e-ee9e-4e33-99af-d404f0a5f8e0 7f9ec153-f025-4e18-ace0-e3498bf31321
C 0 P 7b06b693-01a8-4ae2-95ea-313f99476587
C 3.535359373554371131831430830 P 77bd12ef-2d1c-4b19-9c3e-46e68e7d1ad1 7fe1dcca-e3ee-4caf-8e0b-bb6a53ca53c2 80655771-6bb9-4521-a73a-6c1105a04e4d
C 1.669721585755212345247855410 P 7ceb8b3e-be3b-4843-a234-6a1f33a2bf42 7eaee987-22fd-4e73-a2a5-08adc22f18bf
C 4.725280481640140806121053174 P 796461a7-df36-4b9c-ac2d-733100e17dbc 7dc3754c-2cb3-46df-b1c6-7afbd106a0d7 7e866b75-a36d-4531-b1e3-57aae634ae04 80348539-7012-4764-8a74-bf33dd9659de
C 0 P 7e5985f4-f206-476b-b831-358fc30cb72d
15
C 0 P de7e836d-a777-4cef-9c47-2c1371cfee2b
C 0 P e740f758-6c60-4ad7-a1c9-6e5eb0d17b2a
C 10.30126039486997058247652603 P de986d13-02d8-4bbc-87cb-46bf349c6c0b df915c2f-8473-4bd0-97e2-743fdf347775 e47b9a2b-3760-44df-bd4a-622b0797c608 e557f7c0-a253-45d3-a820-046df921f562 e5f3e0da-0d3e-4be3-ad5d-80b66f2da407
C 0 P dfef6976-62d9-40c9-8cc8-7dbb8d6d53f2
C 6.236650014057673274692206177 P de0f99e0-28f9-49b6-9045-6385c0743343 df97fd39-04d4-45ca-951d-3bf700a2842e e1ce4578-7907-4e61-8b9e-63ec607248ea
C 3.442854932958496760875277687 P de6afdab-4ae0-4ee1-9fd4-9d1c7cf2dc68 e2c6bb1f-656c-4bad-84c5-351d0959e79e e7f1462b-0a52-4478-bbc9-ccc96e81c4af
C 0 P e544902d-1112-4345-ac3b-79bd6792d0f6
C 0 P e623a59e-85bd-42c5-b7b8-ecb8c505bc0d
C 4.003959479476634442107751966 P ddd07e95-f4b5-4676-8504-0746142a2179 e234deab-6138-4530-81cc-40083fbd0fc3
C 6.481010075645116330633754842 P ddca9418-85f0-4b50-bcb4-cf88799ad1f3 de6d452e-54a1-45e8-aea3-50c9f5bd7c05 dfbc5e0c-e542-493d-acc3-aaf9bb7b3f32 e59c51aa-c084-4cd8-b7ef-ab3310d3e3d0
C 5.923866381206110531820741016 P ddd092ff-153c-423f-b30e-a9f9b43471b1 e0c0dfe3-6c40-4a8c-a34b-ec0c4254d573 e20b5b86-a676-46a9-8f2a-86d527c1ed06 e2222e6e-7961-49f8-9e77-3c9a00d4b218
C 0 P dca96513-278d-4654-a759-86eef347b09c
C 1.451709228634257442536181770 P dd74d113-4fc2-49bf-89ac-8fcb3fc38d84 e4af8c71-d06e-496a-b6f5-9e95f87d1a98 e6572df3-6ff5-4589-861c-37e322abdbe4
C 3.385606135528689719649264589 P dc20e9ba-f224-497b-8b95-08b03d8ea86e e88d7e5b-05b5-4b01-900f-400e6d68aba8
C 11.83590190401906738770776428 P dc231507-0f04-44e3-846c-c69465982538 dcacf3ad-a480-4e7a-a6b6-3cb221874887 de51b8db-0027-4fe7-b790-7f4b8f1e3b77 dfcc4f57-94c2-4a79-a253-6943ebcb970d e11822ff-a614-40ad-b983-2eadd0aae835 e1827d52-24d4-4761-a0dd-728b4633d6e8 e65a3d83-0832-44eb-9dac-a8a4540d4d5a e6cb06f1-ef57-4a79-8faf-5397bf93f001
18
C 0 P 5f560e39-db02-43e1-8573-fd4bf80638c4
C 1.776195311775566665346559603 P 2a9eb6d4-3ad6-4877-bf0f-465146ace54f 4bd177b5-5fda-4a7e-a453-5ec8a53335bd
C 0 P cc7ac180-9b6f-4b06-be49-7e8964c02222
C 4.155737852992913872185454238 P 9e9575b8-f62f-4f8c-96d2-9ffa432e2a10 0ce9c1d8-1d08-4584-9f80-b1169a7e4677
C 0 P 511e9de4-fe80-406d-b4d1-d9b41a1a9bdf
C 0 P 93a08244-10a6-45db-8f1d-d9f07f453f5d
C 4.466767131214481878487276844 P e14d75c6-3aff-4721-8708-a7fdffe9447a 3ee3e7f0-bfeb-476b-abc2-eb6517d2d0b2
C 7.763484551899281882469949778 P 4ea54dcd-cca1-4e85-a643-b5db553f5044 c2d12b7b-40c5-46f7-84a0-f667239d2b1a 0cc753ec-7680-450d-b55a-b6532f72ffd0
C 6.154139717727460379137482959 P 48115f32-b9fd-4526-97bc-3b48af300e18 c31d50c1-ef63-4e19-971e-8f59279ba51b ba895f82-3bc9-46fa-b46f-b295c7a6ac86
C 3.598389932449080674814467784 P 2ce4d633-e292-4f1b-bcb2-5572151543c4 2f933373-235b-4bff-b807-5dad51d91e3e 54dc777e-5b75-4569-b9fa-db480c832f6b
C 0 P a55cd892-6916-4e0c-bdd7-181027ac0cc7
C 0 P b6ab974a-0cd3-4a45-9c8f-0543b79a007d
C 1.405947374284181705661467276 P 6d0927b4-5227-4ec1-b4be-68acb82828b1 debd2f34-5175-4b5d-87f6-91874b661362
C 4.451378852415317055601917673 P e4da7698-ffda-445d-a390-0d4d13fae56f 299e581e-013c-4716-baa2-47cb05bd812d
C 1.316140200520351299928734079 P 76bfd15d-f72c-4b86-b1f4-34b2ab2e2220 1b9bde0e-8f98-4fab-9319-b4981143292a
C 2.643364779346967452511307783 P 3393c5fe-e202-4f2b-a05a-d18ce786a481 0704feb9-21b7-44a8-a214-890677ea4e98 2c5ce22c-f03e-4765-949a-3c6e5dad5a88
C 5.829128939600778380736301187 P e2bda17c-bd9f-4393-a10d-c3c243247613 20efb6f8-4413-46d7-a399-51ea4d06bdae
C 8.985251655782462876231875270 P ad133216-23a0-4d19-a2ba-936a677f3306 eef1f988-bbfc-478c-8606-b0a2e8b9114c f4870d6b-00ec-48d8-ba97-3d6aafd8266e a94b6fbd-b671-4d9c-bf83-d6c504f22e8d 6896dc03-2d69-4c9e-ba24-f8e7c46c800b 063dad1d-d517-45bc-8694-ae8339e12fc0 30a9864a-010e-4612-9bc3-eb4b7b5a625d 5d9af76c-857f-459f-b400-f444e7e988e4
